<?xml version="1.0" encoding="UTF-8" ?>
<testsuite tests="6" failures="0" name="org.jackdking.common.KUtilsTest" time="0.068" errors="0" skipped="0">
  <properties>
[...]
</properties>
  <testcase classname="org.jackdking.common.KUtilsTest" name="testThrowError" time="0.055"/>
  <testcase classname="org.jackdking.common.KUtilsTest" name="testIfElse" time="0.004"/>
  <testcase classname="org.jackdking.common.KUtilsTest" name="testIfElseWithParameter" time="0.004"/>
  <testcase classname="org.jackdking.common.KUtilsTest" name="testPresentOrElseHandler" time="0.003"/>
  <testcase classname="org.jackdking.common.KUtilsTest" name="testPresentOrElseHandlerWithParam" time="0.002"/>
  <testcase classname="org.jackdking.common.KUtilsTest" name="testIsTrueOrElseHandler" time="0"/>
</testsuite>