-------------------------------------------------------------------------------
Test set: springboot.DynamicDatasourceMethodApplicationTests
-------------------------------------------------------------------------------
Tests run: 3, Failures: 0, Errors: 1, Skipped: 0, Time elapsed: 0.149 s <<< FAILURE! - in springboot.DynamicDatasourceMethodApplicationTests
testInsert(springboot.DynamicDatasourceMethodApplicationTests)  Time elapsed: 0.107 s  <<< ERROR!
org.springframework.dao.DuplicateKeyException: 

### Error updating database.  Cause: java.sql.SQLIntegrityConstraintViolationException: Duplicate entry '11' for key 'PRIMARY'
### The error may involve springboot.dao.UserMapper.insert-Inline
### The error occurred while setting parameters
### SQL: insert into user (id, name, gender       )     values (?, ?, ?       )
### Cause: java.sql.SQLIntegrityConstraintViolationException: Duplicate entry '11' for key 'PRIMARY'
; Duplicate entry '11' for key 'PRIMARY'; nested exception is java.sql.SQLIntegrityConstraintViolationException: Duplicate entry '11' for key 'PRIMARY'
	at springboot.DynamicDatasourceMethodApplicationTests.testInsert(DynamicDatasourceMethodApplicationTests.java:37)
Caused by: java.sql.SQLIntegrityConstraintViolationException: Duplicate entry '11' for key 'PRIMARY'
	at springboot.DynamicDatasourceMethodApplicationTests.testInsert(DynamicDatasourceMethodApplicationTests.java:37)

