-------------------------------------------------------------------------------
Test set: springboot.DynamicDatasourceAnnoApplicationTests
-------------------------------------------------------------------------------
Tests run: 3, Failures: 0, Errors: 2, Skipped: 0, Time elapsed: 54.948 s <<< FAILURE! - in springboot.DynamicDatasourceAnnoApplicationTests
testSelect1(springboot.DynamicDatasourceAnnoApplicationTests)  Time elapsed: 22.272 s  <<< ERROR!
org.mybatis.spring.MyBatisSystemException: 
nested exception is org.apache.ibatis.exceptions.PersistenceException: 
### Error querying database.  Cause: org.springframework.jdbc.CannotGetJdbcConnectionException: Failed to obtain JDBC Connection; nested exception is com.mysql.cj.jdbc.exceptions.CommunicationsException: Communications link failure

The last packet sent successfully to the server was 0 milliseconds ago. The driver has not received any packets from the server.
### The error may exist in file [C:\Users\10421\Documents\GitHub\jackdking-root\jackdking-datasource\target\classes\mapper\UserMapper.xml]
### The error may involve springboot.dao.UserMapper.selectByPrimaryKey
### The error occurred while executing a query
### Cause: org.springframework.jdbc.CannotGetJdbcConnectionException: Failed to obtain JDBC Connection; nested exception is com.mysql.cj.jdbc.exceptions.CommunicationsException: Communications link failure

The last packet sent successfully to the server was 0 milliseconds ago. The driver has not received any packets from the server.
	at springboot.DynamicDatasourceAnnoApplicationTests.testSelect1(DynamicDatasourceAnnoApplicationTests.java:41)
Caused by: org.apache.ibatis.exceptions.PersistenceException: 

### Error querying database.  Cause: org.springframework.jdbc.CannotGetJdbcConnectionException: Failed to obtain JDBC Connection; nested exception is com.mysql.cj.jdbc.exceptions.CommunicationsException: Communications link failure

The last packet sent successfully to the server was 0 milliseconds ago. The driver has not received any packets from the server.
### The error may exist in file [C:\Users\10421\Documents\GitHub\jackdking-root\jackdking-datasource\target\classes\mapper\UserMapper.xml]
### The error may involve springboot.dao.UserMapper.selectByPrimaryKey
### The error occurred while executing a query
### Cause: org.springframework.jdbc.CannotGetJdbcConnectionException: Failed to obtain JDBC Connection; nested exception is com.mysql.cj.jdbc.exceptions.CommunicationsException: Communications link failure

The last packet sent successfully to the server was 0 milliseconds ago. The driver has not received any packets from the server.
	at springboot.DynamicDatasourceAnnoApplicationTests.testSelect1(DynamicDatasourceAnnoApplicationTests.java:41)
Caused by: org.springframework.jdbc.CannotGetJdbcConnectionException: 
Failed to obtain JDBC Connection; nested exception is com.mysql.cj.jdbc.exceptions.CommunicationsException: Communications link failure

The last packet sent successfully to the server was 0 milliseconds ago. The driver has not received any packets from the server.
	at springboot.DynamicDatasourceAnnoApplicationTests.testSelect1(DynamicDatasourceAnnoApplicationTests.java:41)
Caused by: com.mysql.cj.jdbc.exceptions.CommunicationsException: 
Communications link failure

The last packet sent successfully to the server was 0 milliseconds ago. The driver has not received any packets from the server.
	at springboot.DynamicDatasourceAnnoApplicationTests.testSelect1(DynamicDatasourceAnnoApplicationTests.java:41)
Caused by: com.mysql.cj.core.exceptions.CJCommunicationsException: 
Communications link failure

The last packet sent successfully to the server was 0 milliseconds ago. The driver has not received any packets from the server.
	at springboot.DynamicDatasourceAnnoApplicationTests.testSelect1(DynamicDatasourceAnnoApplicationTests.java:41)
Caused by: java.net.ConnectException: Connection timed out: connect
	at springboot.DynamicDatasourceAnnoApplicationTests.testSelect1(DynamicDatasourceAnnoApplicationTests.java:41)

testSelect3(springboot.DynamicDatasourceAnnoApplicationTests)  Time elapsed: 22.034 s  <<< ERROR!
org.mybatis.spring.MyBatisSystemException: 
nested exception is org.apache.ibatis.exceptions.PersistenceException: 
### Error querying database.  Cause: org.springframework.jdbc.CannotGetJdbcConnectionException: Failed to obtain JDBC Connection; nested exception is com.mysql.cj.jdbc.exceptions.CommunicationsException: Communications link failure

The last packet sent successfully to the server was 0 milliseconds ago. The driver has not received any packets from the server.
### The error may exist in file [C:\Users\10421\Documents\GitHub\jackdking-root\jackdking-datasource\target\classes\mapper\UserMapper.xml]
### The error may involve springboot.dao.UserMapper.selectByPrimaryKey
### The error occurred while executing a query
### Cause: org.springframework.jdbc.CannotGetJdbcConnectionException: Failed to obtain JDBC Connection; nested exception is com.mysql.cj.jdbc.exceptions.CommunicationsException: Communications link failure

The last packet sent successfully to the server was 0 milliseconds ago. The driver has not received any packets from the server.
	at springboot.DynamicDatasourceAnnoApplicationTests.testSelect3(DynamicDatasourceAnnoApplicationTests.java:55)
Caused by: org.apache.ibatis.exceptions.PersistenceException: 

### Error querying database.  Cause: org.springframework.jdbc.CannotGetJdbcConnectionException: Failed to obtain JDBC Connection; nested exception is com.mysql.cj.jdbc.exceptions.CommunicationsException: Communications link failure

The last packet sent successfully to the server was 0 milliseconds ago. The driver has not received any packets from the server.
### The error may exist in file [C:\Users\10421\Documents\GitHub\jackdking-root\jackdking-datasource\target\classes\mapper\UserMapper.xml]
### The error may involve springboot.dao.UserMapper.selectByPrimaryKey
### The error occurred while executing a query
### Cause: org.springframework.jdbc.CannotGetJdbcConnectionException: Failed to obtain JDBC Connection; nested exception is com.mysql.cj.jdbc.exceptions.CommunicationsException: Communications link failure

The last packet sent successfully to the server was 0 milliseconds ago. The driver has not received any packets from the server.
	at springboot.DynamicDatasourceAnnoApplicationTests.testSelect3(DynamicDatasourceAnnoApplicationTests.java:55)
Caused by: org.springframework.jdbc.CannotGetJdbcConnectionException: 
Failed to obtain JDBC Connection; nested exception is com.mysql.cj.jdbc.exceptions.CommunicationsException: Communications link failure

The last packet sent successfully to the server was 0 milliseconds ago. The driver has not received any packets from the server.
	at springboot.DynamicDatasourceAnnoApplicationTests.testSelect3(DynamicDatasourceAnnoApplicationTests.java:55)
Caused by: com.mysql.cj.jdbc.exceptions.CommunicationsException: 
Communications link failure

The last packet sent successfully to the server was 0 milliseconds ago. The driver has not received any packets from the server.
	at springboot.DynamicDatasourceAnnoApplicationTests.testSelect3(DynamicDatasourceAnnoApplicationTests.java:55)
Caused by: com.mysql.cj.core.exceptions.CJCommunicationsException: 
Communications link failure

The last packet sent successfully to the server was 0 milliseconds ago. The driver has not received any packets from the server.
	at springboot.DynamicDatasourceAnnoApplicationTests.testSelect3(DynamicDatasourceAnnoApplicationTests.java:55)
Caused by: java.net.ConnectException: Connection timed out: connect
	at springboot.DynamicDatasourceAnnoApplicationTests.testSelect3(DynamicDatasourceAnnoApplicationTests.java:55)

