<?xml version="1.0" encoding="UTF-8"?>
<testsuite xmlns:xsi="http://www.w3.org/2001/XMLSchema-instance" xsi:noNamespaceSchemaLocation="https://maven.apache.org/surefire/maven-surefire-plugin/xsd/surefire-test-report.xsd" name="springboot.DynamicDatasourceAnnoApplicationTests" time="21.442" tests="3" errors="0" skipped="0" failures="0">
  <properties>
[...]
</properties>
  <testcase name="contextLoads" classname="springboot.DynamicDatasourceAnnoApplicationTests" time="0.605"/>
  <testcase name="testSelect1" classname="springboot.DynamicDatasourceAnnoApplicationTests" time="0.788"/>
  <testcase name="testSelect3" classname="springboot.DynamicDatasourceAnnoApplicationTests" time="0.009"/>
</testsuite>